1: O 1: started
2: O 3: started
3: O 5: started
4: O 7: started
5: O 2: started
6: H 1: started
7: O 4: started
8: O 8: started
9: H 6: started
10: H 8: started
11: O 6: started
12: H 2: started
13: H 3: started
14: H 16: started
15: H 5: started
16: H 7: started
17: O 9: started
18: O 10: started
19: H 9: started
20: H 10: started
21: H 11: started
22: H 12: started
23: H 13: started
24: H 14: started
25: H 15: started
26: H 4: started
27: H 17: started
28: H 18: started
29: H 19: started
30: H 20: started
31: H 6: going to queue
32: O 4: going to queue
33: H 2: going to queue
34: O 4: creating molecule 1
35: H 6: creating molecule 1
36: H 2: creating molecule 1
37: O 3: going to queue
38: H 14: going to queue
39: H 3: going to queue
40: O 2: going to queue
41: H 7: going to queue
42: H 19: going to queue
43: O 4: molecule 1 created
44: H 2: molecule 1 created
45: H 6: molecule 1 created
46: O 3: creating molecule 2
47: H 14: creating molecule 2
48: H 3: creating molecule 2
49: O 5: going to queue
50: H 9: going to queue
51: O 7: going to queue
52: O 6: going to queue
53: H 8: going to queue
54: H 13: going to queue
55: H 16: going to queue
56: O 1: going to queue
57: H 20: going to queue
58: H 1: going to queue
59: H 11: going to queue
60: H 5: going to queue
61: O 8: going to queue
62: H 17: going to queue
63: H 15: going to queue
64: H 12: going to queue
65: H 4: going to queue
66: O 3: molecule 2 created
67: H 3: molecule 2 created
68: H 14: molecule 2 created
69: O 2: creating molecule 3
70: H 7: creating molecule 3
71: H 19: creating molecule 3
72: H 10: going to queue
73: H 18: going to queue
74: O 9: going to queue
75: O 10: going to queue
76: O 2: molecule 3 created
77: H 7: molecule 3 created
78: H 19: molecule 3 created
79: O 5: creating molecule 4
80: H 9: creating molecule 4
81: H 8: creating molecule 4
82: O 5: molecule 4 created
83: H 9: molecule 4 created
84: H 8: molecule 4 created
85: O 7: creating molecule 5
86: H 13: creating molecule 5
87: H 16: creating molecule 5
88: O 7: molecule 5 created
89: H 13: molecule 5 created
90: O 6: creating molecule 6
91: H 16: molecule 5 created
92: H 20: creating molecule 6
93: H 1: creating molecule 6
94: O 6: molecule 6 created
95: H 20: molecule 6 created
96: H 1: molecule 6 created
97: O 1: creating molecule 7
98: H 11: creating molecule 7
99: H 5: creating molecule 7
100: O 1: molecule 7 created
101: H 11: molecule 7 created
102: H 5: molecule 7 created
103: O 8: creating molecule 8
104: H 17: creating molecule 8
105: H 15: creating molecule 8
106: O 8: molecule 8 created
107: H 17: molecule 8 created
108: O 9: creating molecule 9
109: H 15: molecule 8 created
110: H 12: creating molecule 9
111: H 4: creating molecule 9
112: O 9: molecule 9 created
113: H 12: molecule 9 created
114: H 4: molecule 9 created
115: O 10: creating molecule 10
116: H 10: creating molecule 10
117: H 18: creating molecule 10
118: O 10: molecule 10 created
119: H 10: molecule 10 created
120: H 18: molecule 10 created
